<?xml version="1.0" encoding="UTF-8"?>
<testsuites>
<testsuite>

    <!-- if your classname does not include a dot, the package defaults to "(root)" -->
    <testcase name="TestCase" classname="runners.RunnerTest" >

        <!-- If the test didn't pass, specify ONE of the following 3 cases -->

        <!-- option 1 --> <skipped />
        <!-- option 2 --> <failure message="my failure message">my stack trace</failure>
        <!-- option 3 --> <error message="my error message">my crash report</error>

        <system-out>my STDOUT dump</system-out>

        <system-err>my STDERR dump</system-err>

    </testcase>

</testsuite>
</testsuites>